<?xml version="1.0" encoding="UTF-8"?>
<!-- Generated by org.testng.reporters.JUnitReportReporter -->
<testsuite skipped="0" hostname="LAPTOP-HHN7D2TC" name="com.ebanking.scripts.SampleNg" tests="2" failures="0" timestamp="2022-04-07T20:30:06 IST" time="43.487" errors="0">
  <testcase name="ranfordapp" time="20.969" classname="com.ebanking.scripts.SampleNg"/>
  <testcase name="google" time="22.518" classname="com.ebanking.scripts.SampleNg"/>
</testsuite> <!-- com.ebanking.scripts.SampleNg -->
