<?xml version="1.0" encoding="UTF-8"?>
<!-- Generated by org.testng.reporters.JUnitReportReporter -->
<testsuite skipped="0" hostname="LAPTOP-HHN7D2TC" name="com.ebanking.master.Roleng" tests="3" failures="0" timestamp="2022-04-11T20:04:41 IST" time="30.158" errors="0">
  <testcase name="rol" time="10.060" classname="com.ebanking.master.Roleng"/>
  <testcase name="rol" time="9.854" classname="com.ebanking.master.Roleng"/>
  <testcase name="rol" time="10.244" classname="com.ebanking.master.Roleng"/>
</testsuite> <!-- com.ebanking.master.Roleng -->
